#######################################################################################
# log primitive debug message of FSDB dumping                                         #
# This is for R&D to analyze when there are issues happening when FSDB dump           #
#######################################################################################
ANF: vcsd_get_serial_mode_status('./simv: undefined symbol: vcsd_get_serial_mode_status')
ANF: vcsd_enable_sva_success_callback('./simv: undefined symbol: vcsd_enable_sva_success_callback')
ANF: vcsd_disable_sva_success_callback('./simv: undefined symbol: vcsd_disable_sva_success_callback')
ANF: vcsd_get_power_scope_name('./simv: undefined symbol: vcsd_get_power_scope_name')
ANF: vcsd_begin_no_value_var_info('./simv: undefined symbol: vcsd_begin_no_value_var_info')
ANF: vcsd_end_no_value_var_info('./simv: undefined symbol: vcsd_end_no_value_var_info')
ANF: vcsd_remove_xprop_merge_mode_callback('./simv: undefined symbol: vcsd_remove_xprop_merge_mode_callback')
ANF: vhpi_get_cb_info('./simv: undefined symbol: vhpi_get_cb_info')
ANF: vhpi_free_handle('./simv: undefined symbol: vhpi_free_handle')
ANF: vhpi_fetch_vcsd_handle('./simv: undefined symbol: vhpi_fetch_vcsd_handle')
ANF: vhpi_fetch_vpi_handle('./simv: undefined symbol: vhpi_fetch_vpi_handle')
ANF: vhpi_has_verilog_parent('./simv: undefined symbol: vhpi_has_verilog_parent')
ANF: vhpi_is_verilog_scope('./simv: undefined symbol: vhpi_is_verilog_scope')
ANF: scsd_xprop_is_enabled('./simv: undefined symbol: scsd_xprop_is_enabled')
ANF: scsd_xprop_sig_is_promoted('./simv: undefined symbol: scsd_xprop_sig_is_promoted')
ANF: scsd_xprop_int_xvalue('./simv: undefined symbol: scsd_xprop_int_xvalue')
ANF: scsd_xprop_bool_xvalue('./simv: undefined symbol: scsd_xprop_bool_xvalue')
ANF: scsd_xprop_enum_xvalue('./simv: undefined symbol: scsd_xprop_enum_xvalue')
ANF: scsd_xprop_register_merge_mode_cb('./simv: undefined symbol: scsd_xprop_register_merge_mode_cb')
ANF: scsd_xprop_delete_merge_mode_cb('./simv: undefined symbol: scsd_xprop_delete_merge_mode_cb')
ANF: scsd_xprop_get_merge_mode('./simv: undefined symbol: scsd_xprop_get_merge_mode')
ANF: scsd_thread_get_info('./simv: undefined symbol: scsd_thread_get_info')
ANF: scsd_thread_vc_init('./simv: undefined symbol: scsd_thread_vc_init')
ANF: scsd_master_set_delta_sync_cbk('./simv: undefined symbol: scsd_master_set_delta_sync_cbk')
ANF: scsd_fgp_get_fsdb_cores('./simv: undefined symbol: scsd_fgp_get_fsdb_cores')
ANF: scsd_fgp_get_is_cpu_affinity_disabled('./simv: undefined symbol: scsd_fgp_get_is_cpu_affinity_disabled')
ANF: vhdi_dt_get_type('./simv: undefined symbol: vhdi_dt_get_type')
ANF: vhdi_dt_get_key('./simv: undefined symbol: vhdi_dt_get_key')
ANF: vhdi_dt_get_vhdl_enum_info('./simv: undefined symbol: vhdi_dt_get_vhdl_enum_info')
ANF: vhdi_dt_get_vhdl_physical_info('./simv: undefined symbol: vhdi_dt_get_vhdl_physical_info')
ANF: vhdi_dt_get_vhdl_array_info('./simv: undefined symbol: vhdi_dt_get_vhdl_array_info')
ANF: vhdi_dt_get_vhdl_record_info('./simv: undefined symbol: vhdi_dt_get_vhdl_record_info')
ANF: vhdi_dt_get_vhdl_integer_range_info('./simv: undefined symbol: vhdi_dt_get_vhdl_integer_range_info')
ANF: vhdi_def_traverse_module('./simv: undefined symbol: vhdi_def_traverse_module')
ANF: vhdi_def_traverse_scope('./simv: undefined symbol: vhdi_def_traverse_scope')
ANF: vhdi_def_traverse_variable('./simv: undefined symbol: vhdi_def_traverse_variable')
ANF: vhdi_def_get_module_id_by_vhpi('./simv: undefined symbol: vhdi_def_get_module_id_by_vhpi')
ANF: vhdi_def_get_handle_by_module_id('./simv: undefined symbol: vhdi_def_get_handle_by_module_id')
ANF: vhdi_def_get_variable_info_by_vhpi('./simv: undefined symbol: vhdi_def_get_variable_info_by_vhpi')
ANF: vhdi_def_free('./simv: undefined symbol: vhdi_def_free')
ANF: vhdi_ist_traverse_scope('./simv: undefined symbol: vhdi_ist_traverse_scope')
ANF: vhdi_ist_traverse_variable('./simv: undefined symbol: vhdi_ist_traverse_variable')
ANF: vhdi_ist_convert_by_vhpi('./simv: undefined symbol: vhdi_ist_convert_by_vhpi')
ANF: vhdi_ist_clone('./simv: undefined symbol: vhdi_ist_clone')
ANF: vhdi_ist_free('./simv: undefined symbol: vhdi_ist_free')
ANF: vhdi_ist_hash_key('./simv: undefined symbol: vhdi_ist_hash_key')
ANF: vhdi_ist_compare('./simv: undefined symbol: vhdi_ist_compare')
ANF: vhdi_ist_get_value_addr('./simv: undefined symbol: vhdi_ist_get_value_addr')
ANF: vhdi_set_scsd_callback('./simv: undefined symbol: vhdi_set_scsd_callback')
ANF: vhdi_cbk_set_force_callback('./simv: undefined symbol: vhdi_cbk_set_force_callback')
ANF: vhdi_trigger_init_force('./simv: undefined symbol: vhdi_trigger_init_force')
ANF: vhdi_ist_check_scsd_callback('./simv: undefined symbol: vhdi_ist_check_scsd_callback')
ANF: vhdi_ist_add_scsd_callback('./simv: undefined symbol: vhdi_ist_add_scsd_callback')
ANF: vhdi_ist_remove_scsd_callback('./simv: undefined symbol: vhdi_ist_remove_scsd_callback')
ANF: vhdi_ist_get_scsd_user_data('./simv: undefined symbol: vhdi_ist_get_scsd_user_data')
ANF: vhdi_add_time_change_callback('./simv: undefined symbol: vhdi_add_time_change_callback')
ANF: vhdi_get_real_value_by_value_addr('./simv: undefined symbol: vhdi_get_real_value_by_value_addr')
ANF: vhdi_get_64_value_by_value_addr('./simv: undefined symbol: vhdi_get_64_value_by_value_addr')
ANF: vhdi_xprop_inst_is_promoted('./simv: undefined symbol: vhdi_xprop_inst_is_promoted')
ANF: vdi_ist_convert_by_vhdi('./simv: undefined symbol: vdi_ist_convert_by_vhdi')
ANF: vhdi_ist_get_module_id('./simv: undefined symbol: vhdi_ist_get_module_id')
ANF: vhdi_refine_foreign_scope_type('./simv: undefined symbol: vhdi_refine_foreign_scope_type')
ANF: vhdi_flush_callback('./simv: undefined symbol: vhdi_flush_callback')
ANF: vhdi_set_orig_name('./simv: undefined symbol: vhdi_set_orig_name')
ANF: vhdi_set_dump_pt('./simv: undefined symbol: vhdi_set_dump_pt')
ANF: vhdi_set_int_subtype('./simv: undefined symbol: vhdi_set_int_subtype')
ANF: vhdi_get_fsdb_option('./simv: undefined symbol: vhdi_get_fsdb_option')
ANF: vhdi_fgp_get_mode('./simv: undefined symbol: vhdi_fgp_get_mode')
ANF: vhdi_node_register_composite_var('./simv: undefined symbol: vhdi_node_register_composite_var')
ANF: vhdi_node_analysis('./simv: undefined symbol: vhdi_node_analysis')
ANF: vhdi_node_id('./simv: undefined symbol: vhdi_node_id')
ANF: vhdi_node_ist_check_scsd_callback('./simv: undefined symbol: vhdi_node_ist_check_scsd_callback')
ANF: vhdi_node_ist_add_scsd_callback('./simv: undefined symbol: vhdi_node_ist_add_scsd_callback')
ANF: vhdi_node_ist_get_value_addr('./simv: undefined symbol: vhdi_node_ist_get_value_addr')
ANF: vhdi_enc_def_traverse_module('./simv: undefined symbol: vhdi_enc_def_traverse_module')
ANF: vhdi_enc_def_traverse_scope('./simv: undefined symbol: vhdi_enc_def_traverse_scope')
ANF: vhdi_enc_def_traverse_variable('./simv: undefined symbol: vhdi_enc_def_traverse_variable')
ANF: vhdi_enc_ist_traverse_scope('./simv: undefined symbol: vhdi_enc_ist_traverse_scope')
ANF: vhdi_enc_ist_traverse_variable('./simv: undefined symbol: vhdi_enc_ist_traverse_variable')
ANF: vhdi_enc_ist_get_module_id('./simv: undefined symbol: vhdi_enc_ist_get_module_id')
ANF: vhdi_enc_def_get_handle_by_module_id('./simv: undefined symbol: vhdi_enc_def_get_handle_by_module_id')
VCS compile option:
 option[0]: ./simv
 option[1]: -l
 option[2]: run.log
 option[3]: /usr/synopsys/vcs/T-2022.06-SP2/linux64/bin/vcs1
 option[4]: -Mcc=gcc
 option[5]: -Mcplusplus=g++
 option[6]: -Masflags=
 option[7]: -Mcfl= -pipe -fPIC -O -I/usr/synopsys/vcs/T-2022.06-SP2/include 
 option[8]: -Mxllcflags=
 option[9]: -Mxcflags= -pipe -fPIC -I/usr/synopsys/vcs/T-2022.06-SP2/include
 option[10]: -Mldflags= -rdynamic 
 option[11]: -Mout=simv
 option[12]: -Mamsrun=
 option[13]: -Mvcsaceobjs=
 option[14]: -Mobjects= /usr/synopsys/vcs/T-2022.06-SP2/linux64/lib/libvirsim.so /usr/synopsys/vcs/T-2022.06-SP2/linux64/lib/liberrorinf.so /usr/synopsys/vcs/T-2022.06-SP2/linux64/lib/libsnpsmalloc.so /usr/synopsys/vcs/T-2022.06-SP2/linux64/lib/libvfs.so 
 option[15]: -Mexternalobj=
 option[16]: -Msaverestoreobj=/usr/synopsys/vcs/T-2022.06-SP2/linux64/lib/vcs_save_restore_new.o
 option[17]: -Mcrt0=
 option[18]: -Mcrtn=
 option[19]: -Mcsrc=
 option[20]: -Msyslibs=/usr/synopsys/verdi/T-2022.06-SP2/share/PLI/VCS/LINUX64/pli.a -ldl 
 option[21]: -l
 option[22]: compile.log
 option[23]: -full64
 option[24]: -debug_access+all
 option[25]: +vpi
 option[26]: +vcsd1
 option[27]: +itf+/usr/synopsys/vcs/T-2022.06-SP2/linux64/lib/vcsdp_lite.tab
 option[28]: -kdb
 option[29]: -Xufe=2steps
 option[30]: -picarchive
 option[31]: -P
 option[32]: /usr/synopsys/verdi/T-2022.06-SP2/share/PLI/VCS/LINUX64/verdi.tab
 option[33]: -fsdb
 option[34]: -sverilog
 option[35]: -gen_obj
 option[36]: -f
 option[37]: flist.f
 option[38]: -load
 option[39]: /usr/synopsys/verdi/T-2022.06-SP2/share/PLI/VCS/LINUX64/libnovas.so:FSDBDumpCmd
Chronologic Simulation VCS Release T-2022.06-SP2_Full64
Linux 3.10.0-1160.83.1.el7.x86_64 #1 SMP Mon Dec 19 10:44:06 UTC 2022 x86_64
CPU cores: 56
Limit information:
======================================
cputime		unlimited
filesize		unlimited
datasize		unlimited
stacksize		8192 kbytes
coredumpsize		0 kbytes
memoryuse		unlimited
vmemoryuse		unlimited
descriptors		4096
memorylocked		64 kbytes
maxproc		4096
======================================
(Special)Runtime environment variables:

Runtime environment variables:
SYNOPSYS_LC_ROOT=/usr/synopsys/prime/U-2022.12-SP5/libraries/syn
HOSTNAME=synopsys.stbzu.edu
TERM=xterm
SHELL=/bin/bash
HISTSIZE=1000
SSH_CLIENT=31.25.78.254 51703 22
VCS_TARGET_ARCH=linux64
SAED14_PDK=/usr/synopsys/saed/SAED14nm_PDK_12142021/SAED14_PDK
SSH_TTY=/dev/pts/72
USER=st42
LD_LIBRARY_PATH=/usr/synopsys/verdi/T-2022.06-SP2/share/PLI/VCS/linux64
LS_COLORS=rs=0:di=01;34:ln=01;36:mh=00:pi=40;33:so=01;35:do=01;35:bd=40;33;01:cd=40;33;01:or=40;31;01:mi=01;05;37;41:su=37;41:sg=30;43:ca=30;41:tw=30;42:ow=34;42:st=37;44:ex=01;32:*.tar=01;31:*.tgz=01;31:*.arc=01;31:*.arj=01;31:*.taz=01;31:*.lha=01;31:*.lz4=01;31:*.lzh=01;31:*.lzma=01;31:*.tlz=01;31:*.txz=01;31:*.tzo=01;31:*.t7z=01;31:*.zip=01;31:*.z=01;31:*.Z=01;31:*.dz=01;31:*.gz=01;31:*.lrz=01;31:*.lz=01;31:*.lzo=01;31:*.xz=01;31:*.bz2=01;31:*.bz=01;31:*.tbz=01;31:*.tbz2=01;31:*.tz=01;31:*.deb=01;31:*.rpm=01;31:*.jar=01;31:*.war=01;31:*.ear=01;31:*.sar=01;31:*.rar=01;31:*.alz=01;31:*.ace=01;31:*.zoo=01;31:*.cpio=01;31:*.7z=01;31:*.rz=01;31:*.cab=01;31:*.jpg=01;35:*.jpeg=01;35:*.gif=01;35:*.bmp=01;35:*.pbm=01;35:*.pgm=01;35:*.ppm=01;35:*.tga=01;35:*.xbm=01;35:*.xpm=01;35:*.tif=01;35:*.tiff=01;35:*.png=01;35:*.svg=01;35:*.svgz=01;35:*.mng=01;35:*.pcx=01;35:*.mov=01;35:*.mpg=01;35:*.mpeg=01;35:*.m2v=01;35:*.mkv=01;35:*.webm=01;35:*.ogm=01;35:*.mp4=01;35:*.m4v=01;35:*.mp4v=01;35:*.vob=01;35:*.qt=01;35:*.nuv=01;35:*.wmv=01;35:*.asf=01;35:*.rm=01;35:*.rmvb=01;35:*.flc=01;35:*.avi=01;35:*.fli=01;35:*.flv=01;35:*.gl=01;35:*.dl=01;35:*.xcf=01;35:*.xwd=01;35:*.yuv=01;35:*.cgm=01;35:*.emf=01;35:*.axv=01;35:*.anx=01;35:*.ogv=01;35:*.ogx=01;35:*.aac=01;36:*.au=01;36:*.flac=01;36:*.mid=01;36:*.midi=01;36:*.mka=01;36:*.mp3=01;36:*.mpc=01;36:*.ogg=01;36:*.ra=01;36:*.wav=01;36:*.axa=01;36:*.oga=01;36:*.spx=01;36:*.xspf=01;36:
SNPSLMD_LICENSE_FILE=27020@synopsys.stbzu.edu
ICC_ROOT=/usr/synopsys/icc2/U-2022.12-SP5
CORETOOLS=/usr/synopsys/coretools/N-2017.12
MAIL=/var/spool/mail/st42
PATH=/usr/local/bin:/usr/bin:/usr/local/sbin:/usr/sbin:/var/lib/snapd/snap/bin:/usr/synopsys/scl/2021.03/linux64/bin:/usr/synopsys/vcs/T-2022.06-SP2/bin:/usr/synopsys/verdi/T-2022.06-SP2/bin:/usr/synopsys/icc/M-2016.12/bin:/usr/synopsys/syn/R-2020.09-SP5-5/bin:/usr/synopsys/coretools/N-2017.12/bin:/usr/synopsys/icc2/U-2022.12-SP5/bin:/usr/synopsys/starrc/U-2022.12-SP5/bin:/usr/synopsys/idq/R-2020.09-SP5-5/bin:/usr/synopsys/ufe_optional_spyglass-vcs/R-2020.12-SP2-12/SPYGLASS_HOME/bin:/usr/synopsys/syn/R-2020.09-SP5-5/bin:/usr/synopsys/txs/R-2020.09-SP5-5/bin:/usr/synopsys/fm/U-2022.12-SP1/bin:/usr/synopsys/prime/U-2022.12-SP5/bin:/bin:/usr/synopsys/fusioncompiler/U-2022.12-SP5/bin:/usr/synopsys/icvalidator/U-2022.12-SP3/bin:/usr/synopsys/lc/R-2020.09-SP5/bin:/usr/synopsys/hspice/W-2024.09-SP2/hspice/bin:/usr/synopsys/primewave/T-2022.06-SP2/bin:/usr/synopsys/customcompiler/T-2022.06-SP2/bin:/usr/synopsys/xa/W-2024.09-SP2/bin:/home/st42/.local/bin:/home/st42/bin
VERDI_HOME=/usr/synopsys/verdi/T-2022.06-SP2
PWD=/home/st42/HW4
VCS_HOME=/usr/synopsys/vcs/T-2022.06-SP2
LANG=en_US.UTF-8
SYNOPSYS=/usr/synopsys/syn/R-2020.09-SP5-5
SYN_INSTALLER=/usr/synopsys/Installer5_5
HISTCONTROL=ignoredups
SHLVL=1
HOME=/home/st42
SYNOPSYS1=/usr/synopsys
CDESIGNER=/usr/synopsys/syn/R-2020.09-SP5-5
LOGNAME=st42
CVS_RSH=ssh
XDG_DATA_DIRS=/home/st42/.local/share/flatpak/exports/share:/var/lib/flatpak/exports/share:/usr/local/share:/usr/share:/var/lib/snapd/desktop
SSH_CONNECTION=31.25.78.254 51703 172.16.2.21 22
LESSOPEN=||/usr/bin/lesspipe.sh %s
DISPLAY=127.0.0.1:27.0
SCL_ROOT=/usr/synopsys/scl/2021.03
_=./simv
OLDPWD=/home/st42/HW4/verif
VCS_PATHMAP_PRELOAD_DONE=1
VCS_STACK_EXEC=true
VCS_EXEC_DONE=1
LC_ALL=C
DVE=/usr/synopsys/vcs/T-2022.06-SP2/gui/dve
SPECMAN_OUTPUT_TO_TTY=1
FLEXLM_BORROWFILE=/home/st42/.synopsys.stbzu.edu-borrow.txt
Runtime command line arguments:
argv[0]=./simv
argv[1]=-l
argv[2]=run.log
193 profile - 100
          CPU/Mem usage: 0.070 sys,  0.280 user,  263.55M mem
194 Elapsed time:    0:00:01    Sat May  2 18:34:46 2026
195 User CPU time used: 0 seconds
196 System CPU time used: 0 seconds
197 pliAppInit
198 [SC]Init: MemoryConsumed=0.00MB ElapsedTime=0hour 0min. 0sec.
199 FSDB_GATE is set.
200 FSDB_RTL is set.
201 FSDB_ALIAS_ARRAY_ELEM is set to 4294967295.
202 Enable Parallel Dumping.
203 pliAppMiscSet: New Sim Round
204 pliEntryInit
205 LIBSSCORE=found /usr/synopsys/verdi/T-2022.06-SP2/share/PLI/lib/LINUXAMD64/libsscore_vcs202206.so through $NOVAS_HOME setting.
206 FSDB Dumper for VCS, Release Verdi_T-2022.06-SP2, Linux x86_64/64bit, 11/22/2022
207 (C) 1996 - 2022 by Synopsys, Inc.
208 sps_call_fsdbDumpfile_main at 0 : ./verif/top.sv(11)
209 argv[0]: (waves.fsdb)
210 *Verdi* FSDB WARNING: The FSDB file already exists. Overwriting the FSDB file may crash the programs that are using this file.
211 *Verdi* : Create FSDB file 'waves.fsdb'
212 [spi_vcs_vd_ppi_create_root]: no upf option
213 compile option from '/home/st42/HW4/simv.daidir/vcs_rebuild'.
214   "vcs '-full64' '-sverilog' '-debug_access+all' '-kdb' '-l' 'compile.log' '-f' 'flist.f' 2>&1"
215 DVDI_is_vir_unload_enabled is enable
216 FSDB_VCS_ENABLE_NATIVE_VC is enable
217 sps_call_fsdbDumpvars_vd_main at 0 : ./verif/top.sv(13)
218 argv[0]: (0)
219 argv[1]: (handle) top
220 *Verdi* : Begin traversing the scope (top), layer (0).
221 *Verdi* : End of traversing.
222 pliAppHDL_DumpVarComplete traverse var: profile - 
          CPU/Mem usage: 0.080 sys,  0.280 user,  363.14M mem
                   incr: 0.000 sys,  0.000 user,  7.23M mem
                   accu: 0.000 sys,  0.000 user,  7.23M mem
              accu incr: 0.000 sys,  0.000 user,  7.23M mem

          Count usage: 18 var,  12 idcode,  11 callback
                 incr: 18 var,  12 idcode,  11 callback
                 accu: 18 var,  12 idcode,  11 callback
            accu incr: 18 var,  12 idcode,  11 callback
223 Elapsed time:    0:00:01    Sat May  2 18:34:46 2026
224 User CPU time used: 0 seconds
225 System CPU time used: 0 seconds
226 pliAppHDL_DumpVarComplete: profile - 
          CPU/Mem usage: 0.080 sys,  0.280 user,  364.19M mem
                   incr: 0.000 sys,  0.000 user,  1.05M mem
                   accu: 0.000 sys,  0.000 user,  8.28M mem
              accu incr: 0.000 sys,  0.000 user,  1.05M mem

          Count usage: 18 var,  12 idcode,  11 callback
                 incr: 0 var,  0 idcode,  0 callback
                 accu: 18 var,  12 idcode,  11 callback
            accu incr: 0 var,  0 idcode,  0 callback
227 Elapsed time:    0:00:01    Sat May  2 18:34:46 2026
228 User CPU time used: 0 seconds
229 System CPU time used: 0 seconds
230 End of simulation at 6150000
231 Memory usage: 364.192 M
232 Maximum resident set size: 76 MB
233 Hard page faults: 0
234 Soft page faults: 29792
235 Elapsed time:    0:00:01    Sat May  2 18:34:46 2026
236 User CPU time used: 0 seconds
237 System CPU time used: 0 seconds
238 Begin FSDB profile info:
239 FSDB Writer : bc1(212) bcn(70) mtf/stf(0/0)
FSDB Writer elapsed time : flush(0.001167) io wait(0.000000) theadpool wait(0.000000)
FSDB Writer cpu time : MT Compression : 0
240 End FSDB profile info
241 FSDB closed. Name: waves.fsdb Size: 9556
242 Parallel profile     - ProducerThread:1 ConsumerThread:1 Buffer:64MB
243                      - BlockUsed:1 Acquire:394 BufferUsed:4855
244                      - Flush:3 Expand:0 ProducerWait:0 ConsumerWait:0
245                      - MainProducerTime:0.374951545 TotalConsumerTime:0.000000000
246                      - ElapsedTime:0.018500000
247 Producer   0 profile - BlockUsed:1 Acquire:394 BufferUsed:4855
248 Consumer   0 profile - Affinity:-1 CPUTime:0.000000000 LifeTime:0.000000000 (-nan%)
249                      - BlockUsed:1 Acquire:394 BufferUsed:4855
250 SimExit
251 Elapsed time:    0:00:01    Sat May  2 18:34:46 2026
252 User CPU time used: 0 seconds
253 System CPU time used: 0 seconds
254 Sim process exit
