Command Line: /usr/synopsys/verdi/T-2022.06-SP2/platform/LINUXAMD64/bin/Novas -ssf waves.fsdb
uname(Linux synopsys.stbzu.edu 3.10.0-1160.83.1.el7.x86_64 #1 SMP Mon Dec 19 10:44:06 UTC 2022 x86_64)
type= DS_SIGNAL element= 1 field= 2
VERILOG top
VERILOG dut
VERILOG mif
VERILOG clk
-----
second field= signal
type= DS_STRING
clk
type= DS_SIGNAL element= 1 field= 2
VERILOG top
VERILOG dut
VERILOG mif
VERILOG write
-----
second field= signal
type= DS_STRING
write
type= DS_SIGNAL element= 1 field= 2
VERILOG top
VERILOG dut
VERILOG mif
VERILOG read
-----
second field= signal
type= DS_STRING
read
type= DS_SIGNAL element= 1 field= 2
VERILOG top
VERILOG dut
VERILOG mif
VERILOG data_in[7:0]
-----
second field= signal
type= DS_STRING
data_in[7:0]
type= DS_SIGNAL element= 1 field= 2
VERILOG top
VERILOG dut
VERILOG mif
VERILOG address[15:0]
-----
second field= signal
type= DS_STRING
address[15:0]
type= DS_SIGNAL element= 1 field= 2
VERILOG top
VERILOG dut
VERILOG mif
VERILOG data_out[8:0]
-----
second field= signal
type= DS_STRING
data_out[8:0]
